2021-09-21 08:40:06 Loading main app package /nix/store/sr6ljdrf6zqrg9qphfvmp2dvxqivj659-obsidian-0.12.3/share/obsidian/obsidian.asar
2021-09-21 08:40:06 Checking for update using Github
2021-09-21 08:40:06 Success.
2021-09-21 08:40:06 Latest version is 0.12.15
2021-09-21 08:40:06 Downloading update from https://github.com/obsidianmd/obsidian-releases/releases/download/v0.12.15/obsidian-0.12.15.asar.gz
2021-09-21 08:40:10 Verifying hash & signature
2021-09-21 08:40:10 Saving file
2021-09-21 08:40:10 Update complete.
2021-09-23 08:07:42 Loading updated app package /home/burak/.config/obsidian/obsidian-0.12.15.asar
2021-09-23 08:07:42 Checking for update using Github
2021-09-23 08:07:43 Success.
2021-09-23 08:07:43 Latest version is 0.12.15
2021-09-23 08:07:43 App is up to date.
2021-09-23 09:07:42 Checking for update using Github
2021-09-23 09:07:42 Success.
2021-09-23 09:07:42 Latest version is 0.12.15
2021-09-23 09:07:42 App is up to date.
2021-09-23 10:07:42 Checking for update using Github
2021-09-23 10:07:42 Success.
2021-09-23 10:07:42 Latest version is 0.12.15
2021-09-23 10:07:42 App is up to date.
2021-09-23 11:07:42 Checking for update using Github
2021-09-23 11:07:42 Success.
2021-09-23 11:07:42 Latest version is 0.12.15
2021-09-23 11:07:42 App is up to date.
2021-09-23 12:07:42 Checking for update using Github
2021-09-23 12:07:42 Success.
2021-09-23 12:07:42 Latest version is 0.12.15
2021-09-23 12:07:42 App is up to date.
2021-09-23 13:07:42 Checking for update using Github
2021-09-23 13:07:42 Success.
2021-09-23 13:07:42 Latest version is 0.12.15
2021-09-23 13:07:42 App is up to date.
2021-09-23 14:07:42 Checking for update using Github
2021-09-23 14:07:43 Success.
2021-09-23 14:07:43 Latest version is 0.12.15
2021-09-23 14:07:43 App is up to date.
2021-09-24 07:12:36 Loading updated app package /home/burak/.config/obsidian/obsidian-0.12.15.asar
2021-09-24 07:12:39 Checking for update using Github
2021-09-24 07:12:40 Success.
2021-09-24 07:12:40 Latest version is 0.12.15
2021-09-24 07:12:40 App is up to date.
2021-09-24 08:12:36 Checking for update using Github
2021-09-24 08:12:36 Success.
2021-09-24 08:12:36 Latest version is 0.12.15
2021-09-24 08:12:36 App is up to date.
2021-09-24 09:12:36 Checking for update using Github
2021-09-24 09:12:36 Success.
2021-09-24 09:12:36 Latest version is 0.12.15
2021-09-24 09:12:36 App is up to date.
2021-09-24 10:12:36 Checking for update using Github
2021-09-24 10:12:36 Success.
2021-09-24 10:12:36 Latest version is 0.12.15
2021-09-24 10:12:36 App is up to date.
2021-09-24 11:12:36 Checking for update using Github
2021-09-24 11:12:37 Success.
2021-09-24 11:12:37 Latest version is 0.12.15
2021-09-24 11:12:37 App is up to date.
2021-09-24 12:42:19 Loading updated app package /home/burak/.config/obsidian/obsidian-0.12.15.asar
2021-09-24 12:42:19 Checking for update using Github
2021-09-24 12:42:20 Success.
2021-09-24 12:42:20 Latest version is 0.12.15
2021-09-24 12:42:20 App is up to date.
2021-09-27 08:42:14 Loading updated app package /home/burak/.config/obsidian/obsidian-0.12.15.asar
2021-09-27 08:42:14 Checking for update using Github
2021-09-27 08:42:14 Success.
2021-09-27 08:42:14 Latest version is 0.12.15
2021-09-27 08:42:14 App is up to date.
2021-09-27 09:42:15 Checking for update using Github
2021-09-27 09:42:16 Success.
2021-09-27 09:42:16 Latest version is 0.12.15
2021-09-27 09:42:16 App is up to date.
2021-09-27 10:42:15 Checking for update using Github
2021-09-27 10:42:15 Success.
2021-09-27 10:42:15 Latest version is 0.12.15
2021-09-27 10:42:15 App is up to date.
2021-10-12 10:45:46 Loading updated app package /home/burak/.config/obsidian/obsidian-0.12.15.asar
2021-10-12 10:45:46 Checking for update using Github
2021-10-12 10:45:47 Success.
2021-10-12 10:45:47 Latest version is 0.12.15
2021-10-12 10:45:47 App is up to date.
2021-10-12 11:45:46 Checking for update using Github
2021-10-12 11:45:46 Success.
2021-10-12 11:45:46 Latest version is 0.12.15
2021-10-12 11:45:46 App is up to date.
2021-12-15 12:09:38 Loading updated app package /home/burak/.config/obsidian/obsidian-0.12.15.asar
2021-12-15 12:09:38 Checking for update using Github
2021-12-15 12:09:38 Success.
2021-12-15 12:09:38 Latest version is 0.12.19
2021-12-15 12:09:38 Downloading update from https://github.com/obsidianmd/obsidian-releases/releases/download/v0.12.19/obsidian-0.12.19.asar.gz
2021-12-15 12:09:42 Verifying hash & signature
2021-12-15 12:09:42 Saving file
2021-12-15 12:09:42 Update complete.
2021-12-15 12:41:58 Loading updated app package /home/burak/.config/obsidian/obsidian-0.12.19.asar
2021-12-15 12:42:03 Checking for update using Github
2021-12-15 12:42:06 Success.
2021-12-15 12:42:06 Latest version is 0.12.19
2021-12-15 12:42:06 App is up to date.
2021-12-15 13:41:58 Checking for update using Github
2021-12-15 13:41:58 Success.
2021-12-15 13:41:58 Latest version is 0.12.19
2021-12-15 13:41:58 App is up to date.
2021-12-21 03:12:46 Loading updated app package /home/burak/.config/obsidian/obsidian-0.12.19.asar
2021-12-21 03:12:48 Checking for update using Github
2021-12-21 03:12:49 Success.
2021-12-21 03:12:49 Latest version is 0.12.19
2021-12-21 03:12:49 App is up to date.
2021-12-23 03:35:01 Checking for update using Github
2021-12-23 03:35:01 Success.
2021-12-23 03:35:01 Latest version is 0.13.14
2021-12-23 03:35:01 Downloading update from https://github.com/obsidianmd/obsidian-releases/releases/download/v0.13.14/obsidian-0.13.14.asar.gz
2021-12-23 03:35:05 Verifying hash & signature
2021-12-23 03:35:05 Saving file
2021-12-23 03:35:06 Update complete.
2021-12-23 04:35:01 Checking for update using Github
2021-12-23 04:35:01 Success.
2021-12-23 04:35:01 Latest version is 0.13.14
2021-12-23 04:35:01 An update is already downloaded.
2021-12-24 23:15:50 Checking for update using Github
2021-12-24 23:15:50 Success.
2021-12-24 23:15:50 Latest version is 0.13.14
2021-12-24 23:15:50 An update is already downloaded.
2021-12-25 00:15:50 Checking for update using Github
2021-12-25 00:15:51 Success.
2021-12-25 00:15:51 Latest version is 0.13.14
2021-12-25 00:15:51 An update is already downloaded.
